Nov 27, 2020 6:21:48 PM org.apache.catalina.core.ApplicationContext log
INFO: Spring WebApplicationInitializers detected on classpath: [org.sitenv.referenceccda.configuration.ApplicationInitializer@553b5ea5]
Nov 27, 2020 6:21:48 PM org.apache.catalina.core.ApplicationContext log
INFO: Initializing Spring root WebApplicationContext
Nov 27, 2020 6:21:49 PM org.apache.catalina.core.StandardContext listenerStart
SEVERE: Exception sending context initialized event to listener instance of class [org.springframework.web.context.ContextLoaderListener]
org.springframework.beans.factory.UnsatisfiedDependencyException: Error creating bean with name 'referenceContentValidator' defined in file [/usr/local/tomcat/webapps/referenceccdaservice/WEB-INF/classes/org/sitenv/referenceccda/validators/content/ReferenceContentValidator.class]: Unsatisfied dependency expressed through constructor argument with index 0 of type [org.sitenv.contentvalidator.service.ContentValidatorService]: : Error creating bean with name 'contentValidatorService': Injection of resource dependencies failed; nested exception is org.springframework.beans.factory.UnsatisfiedDependencyException: Error creating bean with name 'refModelHashMap' defined in org.sitenv.contentvalidator.configuration.ContentValidatorApiConfiguration: Unsatisfied dependency expressed through constructor argument with index 0 of type [org.sitenv.contentvalidator.configuration.ScenarioLoader]: : Error creating bean with name 'scenarioLoader' defined in org.sitenv.contentvalidator.configuration.ContentValidatorApiConfiguration: Invocation of init method failed; nested exception is java.lang.NullPointerException; nested exception is org.springframework.beans.factory.BeanCreationException: Error creating bean with name 'scenarioLoader' defined in org.sitenv.contentvalidator.configuration.ContentValidatorApiConfiguration: Invocation of init method failed; nested exception is java.lang.NullPointerException; nested exception is org.springframework.beans.factory.BeanCreationException: Error creating bean with name 'contentValidatorService': Injection of resource dependencies failed; nested exception is org.springframework.beans.factory.UnsatisfiedDependencyException: Error creating bean with name 'refModelHashMap' defined in org.sitenv.contentvalidator.configuration.ContentValidatorApiConfiguration: Unsatisfied dependency expressed through constructor argument with index 0 of type [org.sitenv.contentvalidator.configuration.ScenarioLoader]: : Error creating bean with name 'scenarioLoader' defined in org.sitenv.contentvalidator.configuration.ContentValidatorApiConfiguration: Invocation of init method failed; nested exception is java.lang.NullPointerException; nested exception is org.springframework.beans.factory.BeanCreationException: Error creating bean with name 'scenarioLoader' defined in org.sitenv.contentvalidator.configuration.ContentValidatorApiConfiguration: Invocation of init method failed; nested exception is java.lang.NullPointerException
	at org.springframework.beans.factory.support.ConstructorResolver.createArgumentArray(ConstructorResolver.java:749)
	at org.springframework.beans.factory.support.ConstructorResolver.autowireConstructor(ConstructorResolver.java:185)
	at org.springframework.beans.factory.support.AbstractAutowireCapableBeanFactory.autowireConstructor(AbstractAutowireCapableBeanFactory.java:1143)
	at org.springframework.beans.factory.support.AbstractAutowireCapableBeanFactory.createBeanInstance(AbstractAutowireCapableBeanFactory.java:1046)
	at org.springframework.beans.factory.support.AbstractAutowireCapableBeanFactory.doCreateBean(AbstractAutowireCapableBeanFactory.java:510)
	at org.springframework.beans.factory.support.AbstractAutowireCapableBeanFactory.createBean(AbstractAutowireCapableBeanFactory.java:482)
	at org.springframework.beans.factory.support.AbstractBeanFactory$1.getObject(AbstractBeanFactory.java:306)
	at org.springframework.beans.factory.support.DefaultSingletonBeanRegistry.getSingleton(DefaultSingletonBeanRegistry.java:230)
	at org.springframework.beans.factory.support.AbstractBeanFactory.doGetBean(AbstractBeanFactory.java:302)
	at org.springframework.beans.factory.support.AbstractBeanFactory.getBean(AbstractBeanFactory.java:197)
	at org.springframework.beans.factory.support.DefaultListableBeanFactory.preInstantiateSingletons(DefaultListableBeanFactory.java:772)
	at org.springframework.context.support.AbstractApplicationContext.finishBeanFactoryInitialization(AbstractApplicationContext.java:839)
	at org.springframework.context.support.AbstractApplicationContext.refresh(AbstractApplicationContext.java:538)
	at org.springframework.web.context.ContextLoader.configureAndRefreshWebApplicationContext(ContextLoader.java:446)
	at org.springframework.web.context.ContextLoader.initWebApplicationContext(ContextLoader.java:328)
	at org.springframework.web.context.ContextLoaderListener.contextInitialized(ContextLoaderListener.java:107)
	at org.apache.catalina.core.StandardContext.listenerStart(StandardContext.java:5126)
	at org.apache.catalina.core.StandardContext.startInternal(StandardContext.java:5653)
	at org.apache.catalina.util.LifecycleBase.start(LifecycleBase.java:183)
	at org.apache.catalina.core.ContainerBase.addChildInternal(ContainerBase.java:1007)
	at org.apache.catalina.core.ContainerBase.addChild(ContainerBase.java:983)
	at org.apache.catalina.core.StandardHost.addChild(StandardHost.java:639)
	at org.apache.catalina.startup.HostConfig.deployDescriptor(HostConfig.java:712)
	at org.apache.catalina.startup.HostConfig$DeployDescriptor.run(HostConfig.java:2001)
	at java.util.concurrent.Executors$RunnableAdapter.call(Executors.java:511)
	at java.util.concurrent.FutureTask.run(FutureTask.java:266)
	at java.util.concurrent.ThreadPoolExecutor.runWorker(ThreadPoolExecutor.java:1149)
	at java.util.concurrent.ThreadPoolExecutor$Worker.run(ThreadPoolExecutor.java:624)
	at java.lang.Thread.run(Thread.java:748)
Caused by: org.springframework.beans.factory.BeanCreationException: Error creating bean with name 'contentValidatorService': Injection of resource dependencies failed; nested exception is org.springframework.beans.factory.UnsatisfiedDependencyException: Error creating bean with name 'refModelHashMap' defined in org.sitenv.contentvalidator.configuration.ContentValidatorApiConfiguration: Unsatisfied dependency expressed through constructor argument with index 0 of type [org.sitenv.contentvalidator.configuration.ScenarioLoader]: : Error creating bean with name 'scenarioLoader' defined in org.sitenv.contentvalidator.configuration.ContentValidatorApiConfiguration: Invocation of init method failed; nested exception is java.lang.NullPointerException; nested exception is org.springframework.beans.factory.BeanCreationException: Error creating bean with name 'scenarioLoader' defined in org.sitenv.contentvalidator.configuration.ContentValidatorApiConfiguration: Invocation of init method failed; nested exception is java.lang.NullPointerException
	at org.springframework.context.annotation.CommonAnnotationBeanPostProcessor.postProcessPropertyValues(CommonAnnotationBeanPostProcessor.java:311)
	at org.springframework.beans.factory.support.AbstractAutowireCapableBeanFactory.populateBean(AbstractAutowireCapableBeanFactory.java:1214)
	at org.springframework.beans.factory.support.AbstractAutowireCapableBeanFactory.doCreateBean(AbstractAutowireCapableBeanFactory.java:543)
	at org.springframework.beans.factory.support.AbstractAutowireCapableBeanFactory.createBean(AbstractAutowireCapableBeanFactory.java:482)
	at org.springframework.beans.factory.support.AbstractBeanFactory$1.getObject(AbstractBeanFactory.java:306)
	at org.springframework.beans.factory.support.DefaultSingletonBeanRegistry.getSingleton(DefaultSingletonBeanRegistry.java:230)
	at org.springframework.beans.factory.support.AbstractBeanFactory.doGetBean(AbstractBeanFactory.java:302)
	at org.springframework.beans.factory.support.AbstractBeanFactory.getBean(AbstractBeanFactory.java:197)
	at org.springframework.beans.factory.support.DefaultListableBeanFactory.findAutowireCandidates(DefaultListableBeanFactory.java:1192)
	at org.springframework.beans.factory.support.DefaultListableBeanFactory.doResolveDependency(DefaultListableBeanFactory.java:1116)
	at org.springframework.beans.factory.support.DefaultListableBeanFactory.resolveDependency(DefaultListableBeanFactory.java:1014)
	at org.springframework.beans.factory.support.ConstructorResolver.resolveAutowiredArgument(ConstructorResolver.java:813)
	at org.springframework.beans.factory.support.ConstructorResolver.createArgumentArray(ConstructorResolver.java:741)
	... 28 more
Caused by: org.springframework.beans.factory.UnsatisfiedDependencyException: Error creating bean with name 'refModelHashMap' defined in org.sitenv.contentvalidator.configuration.ContentValidatorApiConfiguration: Unsatisfied dependency expressed through constructor argument with index 0 of type [org.sitenv.contentvalidator.configuration.ScenarioLoader]: : Error creating bean with name 'scenarioLoader' defined in org.sitenv.contentvalidator.configuration.ContentValidatorApiConfiguration: Invocation of init method failed; nested exception is java.lang.NullPointerException; nested exception is org.springframework.beans.factory.BeanCreationException: Error creating bean with name 'scenarioLoader' defined in org.sitenv.contentvalidator.configuration.ContentValidatorApiConfiguration: Invocation of init method failed; nested exception is java.lang.NullPointerException
	at org.springframework.beans.factory.support.ConstructorResolver.createArgumentArray(ConstructorResolver.java:749)
	at org.springframework.beans.factory.support.ConstructorResolver.instantiateUsingFactoryMethod(ConstructorResolver.java:464)
	at org.springframework.beans.factory.support.AbstractAutowireCapableBeanFactory.instantiateUsingFactoryMethod(AbstractAutowireCapableBeanFactory.java:1123)
	at org.springframework.beans.factory.support.AbstractAutowireCapableBeanFactory.createBeanInstance(AbstractAutowireCapableBeanFactory.java:1018)
	at org.springframework.beans.factory.support.AbstractAutowireCapableBeanFactory.doCreateBean(AbstractAutowireCapableBeanFactory.java:510)
	at org.springframework.beans.factory.support.AbstractAutowireCapableBeanFactory.createBean(AbstractAutowireCapableBeanFactory.java:482)
	at org.springframework.beans.factory.support.AbstractBeanFactory$1.getObject(AbstractBeanFactory.java:306)
	at org.springframework.beans.factory.support.DefaultSingletonBeanRegistry.getSingleton(DefaultSingletonBeanRegistry.java:230)
	at org.springframework.beans.factory.support.AbstractBeanFactory.doGetBean(AbstractBeanFactory.java:302)
	at org.springframework.beans.factory.support.AbstractBeanFactory.getBean(AbstractBeanFactory.java:202)
	at org.springframework.context.annotation.CommonAnnotationBeanPostProcessor.autowireResource(CommonAnnotationBeanPostProcessor.java:512)
	at org.springframework.context.annotation.CommonAnnotationBeanPostProcessor.getResource(CommonAnnotationBeanPostProcessor.java:486)
	at org.springframework.context.annotation.CommonAnnotationBeanPostProcessor$ResourceElement.getResourceToInject(CommonAnnotationBeanPostProcessor.java:615)
	at org.springframework.beans.factory.annotation.InjectionMetadata$InjectedElement.inject(InjectionMetadata.java:169)
	at org.springframework.beans.factory.annotation.InjectionMetadata.inject(InjectionMetadata.java:88)
	at org.springframework.context.annotation.CommonAnnotationBeanPostProcessor.postProcessPropertyValues(CommonAnnotationBeanPostProcessor.java:308)
	... 40 more
Caused by: org.springframework.beans.factory.BeanCreationException: Error creating bean with name 'scenarioLoader' defined in org.sitenv.contentvalidator.configuration.ContentValidatorApiConfiguration: Invocation of init method failed; nested exception is java.lang.NullPointerException
	at org.springframework.beans.factory.support.AbstractAutowireCapableBeanFactory.initializeBean(AbstractAutowireCapableBeanFactory.java:1578)
	at org.springframework.beans.factory.support.AbstractAutowireCapableBeanFactory.doCreateBean(AbstractAutowireCapableBeanFactory.java:545)
	at org.springframework.beans.factory.support.AbstractAutowireCapableBeanFactory.createBean(AbstractAutowireCapableBeanFactory.java:482)
	at org.springframework.beans.factory.support.AbstractBeanFactory$1.getObject(AbstractBeanFactory.java:306)
	at org.springframework.beans.factory.support.DefaultSingletonBeanRegistry.getSingleton(DefaultSingletonBeanRegistry.java:230)
	at org.springframework.beans.factory.support.AbstractBeanFactory.doGetBean(AbstractBeanFactory.java:302)
	at org.springframework.beans.factory.support.AbstractBeanFactory.getBean(AbstractBeanFactory.java:197)
	at org.springframework.beans.factory.support.DefaultListableBeanFactory.findAutowireCandidates(DefaultListableBeanFactory.java:1192)
	at org.springframework.beans.factory.support.DefaultListableBeanFactory.doResolveDependency(DefaultListableBeanFactory.java:1116)
	at org.springframework.beans.factory.support.DefaultListableBeanFactory.resolveDependency(DefaultListableBeanFactory.java:1014)
	at org.springframework.beans.factory.support.ConstructorResolver.resolveAutowiredArgument(ConstructorResolver.java:813)
	at org.springframework.beans.factory.support.ConstructorResolver.createArgumentArray(ConstructorResolver.java:741)
	... 55 more
Caused by: java.lang.NullPointerException
	at org.sitenv.contentvalidator.configuration.ScenarioLoader.loadScenarioFiles(ScenarioLoader.java:54)
	at org.sitenv.contentvalidator.configuration.ScenarioLoader.afterPropertiesSet(ScenarioLoader.java:28)
	at org.springframework.beans.factory.support.AbstractAutowireCapableBeanFactory.invokeInitMethods(AbstractAutowireCapableBeanFactory.java:1637)
	at org.springframework.beans.factory.support.AbstractAutowireCapableBeanFactory.initializeBean(AbstractAutowireCapableBeanFactory.java:1574)
	... 66 more

Nov 27, 2020 6:21:49 PM org.apache.catalina.core.ApplicationContext log
INFO: Closing Spring root WebApplicationContext
Nov 27, 2020 6:38:21 PM org.apache.catalina.core.ApplicationContext log
INFO: Spring WebApplicationInitializers detected on classpath: [org.sitenv.referenceccda.configuration.ApplicationInitializer@17920290]
Nov 27, 2020 6:38:21 PM org.apache.catalina.core.ApplicationContext log
INFO: Initializing Spring root WebApplicationContext
Nov 27, 2020 6:38:22 PM org.apache.catalina.core.StandardContext listenerStart
SEVERE: Exception sending context initialized event to listener instance of class [org.springframework.web.context.ContextLoaderListener]
org.springframework.beans.factory.UnsatisfiedDependencyException: Error creating bean with name 'referenceContentValidator' defined in file [/usr/local/tomcat/webapps/referenceccdaservice/WEB-INF/classes/org/sitenv/referenceccda/validators/content/ReferenceContentValidator.class]: Unsatisfied dependency expressed through constructor argument with index 0 of type [org.sitenv.contentvalidator.service.ContentValidatorService]: : Error creating bean with name 'contentValidatorService': Injection of resource dependencies failed; nested exception is org.springframework.beans.factory.UnsatisfiedDependencyException: Error creating bean with name 'refModelHashMap' defined in org.sitenv.contentvalidator.configuration.ContentValidatorApiConfiguration: Unsatisfied dependency expressed through constructor argument with index 0 of type [org.sitenv.contentvalidator.configuration.ScenarioLoader]: : Error creating bean with name 'scenarioLoader' defined in org.sitenv.contentvalidator.configuration.ContentValidatorApiConfiguration: Invocation of init method failed; nested exception is java.lang.NullPointerException; nested exception is org.springframework.beans.factory.BeanCreationException: Error creating bean with name 'scenarioLoader' defined in org.sitenv.contentvalidator.configuration.ContentValidatorApiConfiguration: Invocation of init method failed; nested exception is java.lang.NullPointerException; nested exception is org.springframework.beans.factory.BeanCreationException: Error creating bean with name 'contentValidatorService': Injection of resource dependencies failed; nested exception is org.springframework.beans.factory.UnsatisfiedDependencyException: Error creating bean with name 'refModelHashMap' defined in org.sitenv.contentvalidator.configuration.ContentValidatorApiConfiguration: Unsatisfied dependency expressed through constructor argument with index 0 of type [org.sitenv.contentvalidator.configuration.ScenarioLoader]: : Error creating bean with name 'scenarioLoader' defined in org.sitenv.contentvalidator.configuration.ContentValidatorApiConfiguration: Invocation of init method failed; nested exception is java.lang.NullPointerException; nested exception is org.springframework.beans.factory.BeanCreationException: Error creating bean with name 'scenarioLoader' defined in org.sitenv.contentvalidator.configuration.ContentValidatorApiConfiguration: Invocation of init method failed; nested exception is java.lang.NullPointerException
	at org.springframework.beans.factory.support.ConstructorResolver.createArgumentArray(ConstructorResolver.java:749)
	at org.springframework.beans.factory.support.ConstructorResolver.autowireConstructor(ConstructorResolver.java:185)
	at org.springframework.beans.factory.support.AbstractAutowireCapableBeanFactory.autowireConstructor(AbstractAutowireCapableBeanFactory.java:1143)
	at org.springframework.beans.factory.support.AbstractAutowireCapableBeanFactory.createBeanInstance(AbstractAutowireCapableBeanFactory.java:1046)
	at org.springframework.beans.factory.support.AbstractAutowireCapableBeanFactory.doCreateBean(AbstractAutowireCapableBeanFactory.java:510)
	at org.springframework.beans.factory.support.AbstractAutowireCapableBeanFactory.createBean(AbstractAutowireCapableBeanFactory.java:482)
	at org.springframework.beans.factory.support.AbstractBeanFactory$1.getObject(AbstractBeanFactory.java:306)
	at org.springframework.beans.factory.support.DefaultSingletonBeanRegistry.getSingleton(DefaultSingletonBeanRegistry.java:230)
	at org.springframework.beans.factory.support.AbstractBeanFactory.doGetBean(AbstractBeanFactory.java:302)
	at org.springframework.beans.factory.support.AbstractBeanFactory.getBean(AbstractBeanFactory.java:197)
	at org.springframework.beans.factory.support.DefaultListableBeanFactory.preInstantiateSingletons(DefaultListableBeanFactory.java:772)
	at org.springframework.context.support.AbstractApplicationContext.finishBeanFactoryInitialization(AbstractApplicationContext.java:839)
	at org.springframework.context.support.AbstractApplicationContext.refresh(AbstractApplicationContext.java:538)
	at org.springframework.web.context.ContextLoader.configureAndRefreshWebApplicationContext(ContextLoader.java:446)
	at org.springframework.web.context.ContextLoader.initWebApplicationContext(ContextLoader.java:328)
	at org.springframework.web.context.ContextLoaderListener.contextInitialized(ContextLoaderListener.java:107)
	at org.apache.catalina.core.StandardContext.listenerStart(StandardContext.java:5126)
	at org.apache.catalina.core.StandardContext.startInternal(StandardContext.java:5653)
	at org.apache.catalina.util.LifecycleBase.start(LifecycleBase.java:183)
	at org.apache.catalina.core.ContainerBase.addChildInternal(ContainerBase.java:1007)
	at org.apache.catalina.core.ContainerBase.addChild(ContainerBase.java:983)
	at org.apache.catalina.core.StandardHost.addChild(StandardHost.java:639)
	at org.apache.catalina.startup.HostConfig.deployDescriptor(HostConfig.java:712)
	at org.apache.catalina.startup.HostConfig$DeployDescriptor.run(HostConfig.java:2001)
	at java.util.concurrent.Executors$RunnableAdapter.call(Executors.java:511)
	at java.util.concurrent.FutureTask.run(FutureTask.java:266)
	at java.util.concurrent.ThreadPoolExecutor.runWorker(ThreadPoolExecutor.java:1149)
	at java.util.concurrent.ThreadPoolExecutor$Worker.run(ThreadPoolExecutor.java:624)
	at java.lang.Thread.run(Thread.java:748)
Caused by: org.springframework.beans.factory.BeanCreationException: Error creating bean with name 'contentValidatorService': Injection of resource dependencies failed; nested exception is org.springframework.beans.factory.UnsatisfiedDependencyException: Error creating bean with name 'refModelHashMap' defined in org.sitenv.contentvalidator.configuration.ContentValidatorApiConfiguration: Unsatisfied dependency expressed through constructor argument with index 0 of type [org.sitenv.contentvalidator.configuration.ScenarioLoader]: : Error creating bean with name 'scenarioLoader' defined in org.sitenv.contentvalidator.configuration.ContentValidatorApiConfiguration: Invocation of init method failed; nested exception is java.lang.NullPointerException; nested exception is org.springframework.beans.factory.BeanCreationException: Error creating bean with name 'scenarioLoader' defined in org.sitenv.contentvalidator.configuration.ContentValidatorApiConfiguration: Invocation of init method failed; nested exception is java.lang.NullPointerException
	at org.springframework.context.annotation.CommonAnnotationBeanPostProcessor.postProcessPropertyValues(CommonAnnotationBeanPostProcessor.java:311)
	at org.springframework.beans.factory.support.AbstractAutowireCapableBeanFactory.populateBean(AbstractAutowireCapableBeanFactory.java:1214)
	at org.springframework.beans.factory.support.AbstractAutowireCapableBeanFactory.doCreateBean(AbstractAutowireCapableBeanFactory.java:543)
	at org.springframework.beans.factory.support.AbstractAutowireCapableBeanFactory.createBean(AbstractAutowireCapableBeanFactory.java:482)
	at org.springframework.beans.factory.support.AbstractBeanFactory$1.getObject(AbstractBeanFactory.java:306)
	at org.springframework.beans.factory.support.DefaultSingletonBeanRegistry.getSingleton(DefaultSingletonBeanRegistry.java:230)
	at org.springframework.beans.factory.support.AbstractBeanFactory.doGetBean(AbstractBeanFactory.java:302)
	at org.springframework.beans.factory.support.AbstractBeanFactory.getBean(AbstractBeanFactory.java:197)
	at org.springframework.beans.factory.support.DefaultListableBeanFactory.findAutowireCandidates(DefaultListableBeanFactory.java:1192)
	at org.springframework.beans.factory.support.DefaultListableBeanFactory.doResolveDependency(DefaultListableBeanFactory.java:1116)
	at org.springframework.beans.factory.support.DefaultListableBeanFactory.resolveDependency(DefaultListableBeanFactory.java:1014)
	at org.springframework.beans.factory.support.ConstructorResolver.resolveAutowiredArgument(ConstructorResolver.java:813)
	at org.springframework.beans.factory.support.ConstructorResolver.createArgumentArray(ConstructorResolver.java:741)
	... 28 more
Caused by: org.springframework.beans.factory.UnsatisfiedDependencyException: Error creating bean with name 'refModelHashMap' defined in org.sitenv.contentvalidator.configuration.ContentValidatorApiConfiguration: Unsatisfied dependency expressed through constructor argument with index 0 of type [org.sitenv.contentvalidator.configuration.ScenarioLoader]: : Error creating bean with name 'scenarioLoader' defined in org.sitenv.contentvalidator.configuration.ContentValidatorApiConfiguration: Invocation of init method failed; nested exception is java.lang.NullPointerException; nested exception is org.springframework.beans.factory.BeanCreationException: Error creating bean with name 'scenarioLoader' defined in org.sitenv.contentvalidator.configuration.ContentValidatorApiConfiguration: Invocation of init method failed; nested exception is java.lang.NullPointerException
	at org.springframework.beans.factory.support.ConstructorResolver.createArgumentArray(ConstructorResolver.java:749)
	at org.springframework.beans.factory.support.ConstructorResolver.instantiateUsingFactoryMethod(ConstructorResolver.java:464)
	at org.springframework.beans.factory.support.AbstractAutowireCapableBeanFactory.instantiateUsingFactoryMethod(AbstractAutowireCapableBeanFactory.java:1123)
	at org.springframework.beans.factory.support.AbstractAutowireCapableBeanFactory.createBeanInstance(AbstractAutowireCapableBeanFactory.java:1018)
	at org.springframework.beans.factory.support.AbstractAutowireCapableBeanFactory.doCreateBean(AbstractAutowireCapableBeanFactory.java:510)
	at org.springframework.beans.factory.support.AbstractAutowireCapableBeanFactory.createBean(AbstractAutowireCapableBeanFactory.java:482)
	at org.springframework.beans.factory.support.AbstractBeanFactory$1.getObject(AbstractBeanFactory.java:306)
	at org.springframework.beans.factory.support.DefaultSingletonBeanRegistry.getSingleton(DefaultSingletonBeanRegistry.java:230)
	at org.springframework.beans.factory.support.AbstractBeanFactory.doGetBean(AbstractBeanFactory.java:302)
	at org.springframework.beans.factory.support.AbstractBeanFactory.getBean(AbstractBeanFactory.java:202)
	at org.springframework.context.annotation.CommonAnnotationBeanPostProcessor.autowireResource(CommonAnnotationBeanPostProcessor.java:512)
	at org.springframework.context.annotation.CommonAnnotationBeanPostProcessor.getResource(CommonAnnotationBeanPostProcessor.java:486)
	at org.springframework.context.annotation.CommonAnnotationBeanPostProcessor$ResourceElement.getResourceToInject(CommonAnnotationBeanPostProcessor.java:615)
	at org.springframework.beans.factory.annotation.InjectionMetadata$InjectedElement.inject(InjectionMetadata.java:169)
	at org.springframework.beans.factory.annotation.InjectionMetadata.inject(InjectionMetadata.java:88)
	at org.springframework.context.annotation.CommonAnnotationBeanPostProcessor.postProcessPropertyValues(CommonAnnotationBeanPostProcessor.java:308)
	... 40 more
Caused by: org.springframework.beans.factory.BeanCreationException: Error creating bean with name 'scenarioLoader' defined in org.sitenv.contentvalidator.configuration.ContentValidatorApiConfiguration: Invocation of init method failed; nested exception is java.lang.NullPointerException
	at org.springframework.beans.factory.support.AbstractAutowireCapableBeanFactory.initializeBean(AbstractAutowireCapableBeanFactory.java:1578)
	at org.springframework.beans.factory.support.AbstractAutowireCapableBeanFactory.doCreateBean(AbstractAutowireCapableBeanFactory.java:545)
	at org.springframework.beans.factory.support.AbstractAutowireCapableBeanFactory.createBean(AbstractAutowireCapableBeanFactory.java:482)
	at org.springframework.beans.factory.support.AbstractBeanFactory$1.getObject(AbstractBeanFactory.java:306)
	at org.springframework.beans.factory.support.DefaultSingletonBeanRegistry.getSingleton(DefaultSingletonBeanRegistry.java:230)
	at org.springframework.beans.factory.support.AbstractBeanFactory.doGetBean(AbstractBeanFactory.java:302)
	at org.springframework.beans.factory.support.AbstractBeanFactory.getBean(AbstractBeanFactory.java:197)
	at org.springframework.beans.factory.support.DefaultListableBeanFactory.findAutowireCandidates(DefaultListableBeanFactory.java:1192)
	at org.springframework.beans.factory.support.DefaultListableBeanFactory.doResolveDependency(DefaultListableBeanFactory.java:1116)
	at org.springframework.beans.factory.support.DefaultListableBeanFactory.resolveDependency(DefaultListableBeanFactory.java:1014)
	at org.springframework.beans.factory.support.ConstructorResolver.resolveAutowiredArgument(ConstructorResolver.java:813)
	at org.springframework.beans.factory.support.ConstructorResolver.createArgumentArray(ConstructorResolver.java:741)
	... 55 more
Caused by: java.lang.NullPointerException
	at org.sitenv.contentvalidator.configuration.ScenarioLoader.loadScenarioFiles(ScenarioLoader.java:54)
	at org.sitenv.contentvalidator.configuration.ScenarioLoader.afterPropertiesSet(ScenarioLoader.java:28)
	at org.springframework.beans.factory.support.AbstractAutowireCapableBeanFactory.invokeInitMethods(AbstractAutowireCapableBeanFactory.java:1637)
	at org.springframework.beans.factory.support.AbstractAutowireCapableBeanFactory.initializeBean(AbstractAutowireCapableBeanFactory.java:1574)
	... 66 more

Nov 27, 2020 6:38:22 PM org.apache.catalina.core.ApplicationContext log
INFO: Closing Spring root WebApplicationContext
