18:21:48,511 INFO  [ContextLoader:307] Root WebApplicationContext: initialization started
18:21:48,569 INFO  [AnnotationConfigWebApplicationContext:578] Refreshing Root WebApplicationContext: startup date [Fri Nov 27 18:21:48 UTC 2020]; root of context hierarchy
18:21:48,614 INFO  [AnnotationConfigWebApplicationContext:207] Registering annotated classes: [class org.sitenv.referenceccda.configuration.MvcConfiguration,class org.sitenv.vocabularies.configuration.CodeValidatorApiConfiguration,class org.sitenv.contentvalidator.configuration.ContentValidatorApiConfiguration,class org.sitenv.referenceccda.configuration.SwaggerConfig]
18:21:49,294 INFO  [DefaultListableBeanFactory:839] Overriding bean definition for bean 'propertyPlaceholderConfigurer' with a different definition: replacing [Root bean: class [org.sitenv.vocabularies.configuration.CodeValidatorApiConfiguration]; scope=; abstract=false; lazyInit=false; autowireMode=3; dependencyCheck=0; autowireCandidate=true; primary=false; factoryBeanName=null; factoryMethodName=propertyPlaceholderConfigurer; initMethodName=null; destroyMethodName=(inferred); defined in org.sitenv.vocabularies.configuration.CodeValidatorApiConfiguration] with [Root bean: class [org.sitenv.contentvalidator.configuration.ContentValidatorApiConfiguration]; scope=; abstract=false; lazyInit=false; autowireMode=3; dependencyCheck=0; autowireCandidate=true; primary=false; factoryBeanName=null; factoryMethodName=propertyPlaceholderConfigurer; initMethodName=null; destroyMethodName=(inferred); defined in org.sitenv.contentvalidator.configuration.ContentValidatorApiConfiguration]
18:21:49,547 INFO  [PostProcessorRegistrationDelegate$BeanPostProcessorChecker:328] Bean 'org.springframework.cache.annotation.ProxyCachingConfiguration' of type [class org.springframework.cache.annotation.ProxyCachingConfiguration$$EnhancerBySpringCGLIB$$83e1c48d] is not eligible for getting processed by all BeanPostProcessors (for example: not eligible for auto-proxying)
18:21:49,706 WARN  [AnnotationConfigWebApplicationContext:546] Exception encountered during context initialization - cancelling refresh attempt: org.springframework.beans.factory.UnsatisfiedDependencyException: Error creating bean with name 'referenceContentValidator' defined in file [/usr/local/tomcat/webapps/referenceccdaservice/WEB-INF/classes/org/sitenv/referenceccda/validators/content/ReferenceContentValidator.class]: Unsatisfied dependency expressed through constructor argument with index 0 of type [org.sitenv.contentvalidator.service.ContentValidatorService]: : Error creating bean with name 'contentValidatorService': Injection of resource dependencies failed; nested exception is org.springframework.beans.factory.UnsatisfiedDependencyException: Error creating bean with name 'refModelHashMap' defined in org.sitenv.contentvalidator.configuration.ContentValidatorApiConfiguration: Unsatisfied dependency expressed through constructor argument with index 0 of type [org.sitenv.contentvalidator.configuration.ScenarioLoader]: : Error creating bean with name 'scenarioLoader' defined in org.sitenv.contentvalidator.configuration.ContentValidatorApiConfiguration: Invocation of init method failed; nested exception is java.lang.NullPointerException; nested exception is org.springframework.beans.factory.BeanCreationException: Error creating bean with name 'scenarioLoader' defined in org.sitenv.contentvalidator.configuration.ContentValidatorApiConfiguration: Invocation of init method failed; nested exception is java.lang.NullPointerException; nested exception is org.springframework.beans.factory.BeanCreationException: Error creating bean with name 'contentValidatorService': Injection of resource dependencies failed; nested exception is org.springframework.beans.factory.UnsatisfiedDependencyException: Error creating bean with name 'refModelHashMap' defined in org.sitenv.contentvalidator.configuration.ContentValidatorApiConfiguration: Unsatisfied dependency expressed through constructor argument with index 0 of type [org.sitenv.contentvalidator.configuration.ScenarioLoader]: : Error creating bean with name 'scenarioLoader' defined in org.sitenv.contentvalidator.configuration.ContentValidatorApiConfiguration: Invocation of init method failed; nested exception is java.lang.NullPointerException; nested exception is org.springframework.beans.factory.BeanCreationException: Error creating bean with name 'scenarioLoader' defined in org.sitenv.contentvalidator.configuration.ContentValidatorApiConfiguration: Invocation of init method failed; nested exception is java.lang.NullPointerException
18:21:49,717 ERROR [ContextLoader:353] Context initialization failed
org.springframework.beans.factory.UnsatisfiedDependencyException: Error creating bean with name 'referenceContentValidator' defined in file [/usr/local/tomcat/webapps/referenceccdaservice/WEB-INF/classes/org/sitenv/referenceccda/validators/content/ReferenceContentValidator.class]: Unsatisfied dependency expressed through constructor argument with index 0 of type [org.sitenv.contentvalidator.service.ContentValidatorService]: : Error creating bean with name 'contentValidatorService': Injection of resource dependencies failed; nested exception is org.springframework.beans.factory.UnsatisfiedDependencyException: Error creating bean with name 'refModelHashMap' defined in org.sitenv.contentvalidator.configuration.ContentValidatorApiConfiguration: Unsatisfied dependency expressed through constructor argument with index 0 of type [org.sitenv.contentvalidator.configuration.ScenarioLoader]: : Error creating bean with name 'scenarioLoader' defined in org.sitenv.contentvalidator.configuration.ContentValidatorApiConfiguration: Invocation of init method failed; nested exception is java.lang.NullPointerException; nested exception is org.springframework.beans.factory.BeanCreationException: Error creating bean with name 'scenarioLoader' defined in org.sitenv.contentvalidator.configuration.ContentValidatorApiConfiguration: Invocation of init method failed; nested exception is java.lang.NullPointerException; nested exception is org.springframework.beans.factory.BeanCreationException: Error creating bean with name 'contentValidatorService': Injection of resource dependencies failed; nested exception is org.springframework.beans.factory.UnsatisfiedDependencyException: Error creating bean with name 'refModelHashMap' defined in org.sitenv.contentvalidator.configuration.ContentValidatorApiConfiguration: Unsatisfied dependency expressed through constructor argument with index 0 of type [org.sitenv.contentvalidator.configuration.ScenarioLoader]: : Error creating bean with name 'scenarioLoader' defined in org.sitenv.contentvalidator.configuration.ContentValidatorApiConfiguration: Invocation of init method failed; nested exception is java.lang.NullPointerException; nested exception is org.springframework.beans.factory.BeanCreationException: Error creating bean with name 'scenarioLoader' defined in org.sitenv.contentvalidator.configuration.ContentValidatorApiConfiguration: Invocation of init method failed; nested exception is java.lang.NullPointerException
	at org.springframework.beans.factory.support.ConstructorResolver.createArgumentArray(ConstructorResolver.java:749)
	at org.springframework.beans.factory.support.ConstructorResolver.autowireConstructor(ConstructorResolver.java:185)
	at org.springframework.beans.factory.support.AbstractAutowireCapableBeanFactory.autowireConstructor(AbstractAutowireCapableBeanFactory.java:1143)
	at org.springframework.beans.factory.support.AbstractAutowireCapableBeanFactory.createBeanInstance(AbstractAutowireCapableBeanFactory.java:1046)
	at org.springframework.beans.factory.support.AbstractAutowireCapableBeanFactory.doCreateBean(AbstractAutowireCapableBeanFactory.java:510)
	at org.springframework.beans.factory.support.AbstractAutowireCapableBeanFactory.createBean(AbstractAutowireCapableBeanFactory.java:482)
	at org.springframework.beans.factory.support.AbstractBeanFactory$1.getObject(AbstractBeanFactory.java:306)
	at org.springframework.beans.factory.support.DefaultSingletonBeanRegistry.getSingleton(DefaultSingletonBeanRegistry.java:230)
	at org.springframework.beans.factory.support.AbstractBeanFactory.doGetBean(AbstractBeanFactory.java:302)
	at org.springframework.beans.factory.support.AbstractBeanFactory.getBean(AbstractBeanFactory.java:197)
	at org.springframework.beans.factory.support.DefaultListableBeanFactory.preInstantiateSingletons(DefaultListableBeanFactory.java:772)
	at org.springframework.context.support.AbstractApplicationContext.finishBeanFactoryInitialization(AbstractApplicationContext.java:839)
	at org.springframework.context.support.AbstractApplicationContext.refresh(AbstractApplicationContext.java:538)
	at org.springframework.web.context.ContextLoader.configureAndRefreshWebApplicationContext(ContextLoader.java:446)
	at org.springframework.web.context.ContextLoader.initWebApplicationContext(ContextLoader.java:328)
	at org.springframework.web.context.ContextLoaderListener.contextInitialized(ContextLoaderListener.java:107)
	at org.apache.catalina.core.StandardContext.listenerStart(StandardContext.java:5126)
	at org.apache.catalina.core.StandardContext.startInternal(StandardContext.java:5653)
	at org.apache.catalina.util.LifecycleBase.start(LifecycleBase.java:183)
	at org.apache.catalina.core.ContainerBase.addChildInternal(ContainerBase.java:1007)
	at org.apache.catalina.core.ContainerBase.addChild(ContainerBase.java:983)
	at org.apache.catalina.core.StandardHost.addChild(StandardHost.java:639)
	at org.apache.catalina.startup.HostConfig.deployDescriptor(HostConfig.java:712)
	at org.apache.catalina.startup.HostConfig$DeployDescriptor.run(HostConfig.java:2001)
	at java.util.concurrent.Executors$RunnableAdapter.call(Executors.java:511)
	at java.util.concurrent.FutureTask.run(FutureTask.java:266)
	at java.util.concurrent.ThreadPoolExecutor.runWorker(ThreadPoolExecutor.java:1149)
	at java.util.concurrent.ThreadPoolExecutor$Worker.run(ThreadPoolExecutor.java:624)
	at java.lang.Thread.run(Thread.java:748)
Caused by: org.springframework.beans.factory.BeanCreationException: Error creating bean with name 'contentValidatorService': Injection of resource dependencies failed; nested exception is org.springframework.beans.factory.UnsatisfiedDependencyException: Error creating bean with name 'refModelHashMap' defined in org.sitenv.contentvalidator.configuration.ContentValidatorApiConfiguration: Unsatisfied dependency expressed through constructor argument with index 0 of type [org.sitenv.contentvalidator.configuration.ScenarioLoader]: : Error creating bean with name 'scenarioLoader' defined in org.sitenv.contentvalidator.configuration.ContentValidatorApiConfiguration: Invocation of init method failed; nested exception is java.lang.NullPointerException; nested exception is org.springframework.beans.factory.BeanCreationException: Error creating bean with name 'scenarioLoader' defined in org.sitenv.contentvalidator.configuration.ContentValidatorApiConfiguration: Invocation of init method failed; nested exception is java.lang.NullPointerException
	at org.springframework.context.annotation.CommonAnnotationBeanPostProcessor.postProcessPropertyValues(CommonAnnotationBeanPostProcessor.java:311)
	at org.springframework.beans.factory.support.AbstractAutowireCapableBeanFactory.populateBean(AbstractAutowireCapableBeanFactory.java:1214)
	at org.springframework.beans.factory.support.AbstractAutowireCapableBeanFactory.doCreateBean(AbstractAutowireCapableBeanFactory.java:543)
	at org.springframework.beans.factory.support.AbstractAutowireCapableBeanFactory.createBean(AbstractAutowireCapableBeanFactory.java:482)
	at org.springframework.beans.factory.support.AbstractBeanFactory$1.getObject(AbstractBeanFactory.java:306)
	at org.springframework.beans.factory.support.DefaultSingletonBeanRegistry.getSingleton(DefaultSingletonBeanRegistry.java:230)
	at org.springframework.beans.factory.support.AbstractBeanFactory.doGetBean(AbstractBeanFactory.java:302)
	at org.springframework.beans.factory.support.AbstractBeanFactory.getBean(AbstractBeanFactory.java:197)
	at org.springframework.beans.factory.support.DefaultListableBeanFactory.findAutowireCandidates(DefaultListableBeanFactory.java:1192)
	at org.springframework.beans.factory.support.DefaultListableBeanFactory.doResolveDependency(DefaultListableBeanFactory.java:1116)
	at org.springframework.beans.factory.support.DefaultListableBeanFactory.resolveDependency(DefaultListableBeanFactory.java:1014)
	at org.springframework.beans.factory.support.ConstructorResolver.resolveAutowiredArgument(ConstructorResolver.java:813)
	at org.springframework.beans.factory.support.ConstructorResolver.createArgumentArray(ConstructorResolver.java:741)
	... 28 more
Caused by: org.springframework.beans.factory.UnsatisfiedDependencyException: Error creating bean with name 'refModelHashMap' defined in org.sitenv.contentvalidator.configuration.ContentValidatorApiConfiguration: Unsatisfied dependency expressed through constructor argument with index 0 of type [org.sitenv.contentvalidator.configuration.ScenarioLoader]: : Error creating bean with name 'scenarioLoader' defined in org.sitenv.contentvalidator.configuration.ContentValidatorApiConfiguration: Invocation of init method failed; nested exception is java.lang.NullPointerException; nested exception is org.springframework.beans.factory.BeanCreationException: Error creating bean with name 'scenarioLoader' defined in org.sitenv.contentvalidator.configuration.ContentValidatorApiConfiguration: Invocation of init method failed; nested exception is java.lang.NullPointerException
	at org.springframework.beans.factory.support.ConstructorResolver.createArgumentArray(ConstructorResolver.java:749)
	at org.springframework.beans.factory.support.ConstructorResolver.instantiateUsingFactoryMethod(ConstructorResolver.java:464)
	at org.springframework.beans.factory.support.AbstractAutowireCapableBeanFactory.instantiateUsingFactoryMethod(AbstractAutowireCapableBeanFactory.java:1123)
	at org.springframework.beans.factory.support.AbstractAutowireCapableBeanFactory.createBeanInstance(AbstractAutowireCapableBeanFactory.java:1018)
	at org.springframework.beans.factory.support.AbstractAutowireCapableBeanFactory.doCreateBean(AbstractAutowireCapableBeanFactory.java:510)
	at org.springframework.beans.factory.support.AbstractAutowireCapableBeanFactory.createBean(AbstractAutowireCapableBeanFactory.java:482)
	at org.springframework.beans.factory.support.AbstractBeanFactory$1.getObject(AbstractBeanFactory.java:306)
	at org.springframework.beans.factory.support.DefaultSingletonBeanRegistry.getSingleton(DefaultSingletonBeanRegistry.java:230)
	at org.springframework.beans.factory.support.AbstractBeanFactory.doGetBean(AbstractBeanFactory.java:302)
	at org.springframework.beans.factory.support.AbstractBeanFactory.getBean(AbstractBeanFactory.java:202)
	at org.springframework.context.annotation.CommonAnnotationBeanPostProcessor.autowireResource(CommonAnnotationBeanPostProcessor.java:512)
	at org.springframework.context.annotation.CommonAnnotationBeanPostProcessor.getResource(CommonAnnotationBeanPostProcessor.java:486)
	at org.springframework.context.annotation.CommonAnnotationBeanPostProcessor$ResourceElement.getResourceToInject(CommonAnnotationBeanPostProcessor.java:615)
	at org.springframework.beans.factory.annotation.InjectionMetadata$InjectedElement.inject(InjectionMetadata.java:169)
	at org.springframework.beans.factory.annotation.InjectionMetadata.inject(InjectionMetadata.java:88)
	at org.springframework.context.annotation.CommonAnnotationBeanPostProcessor.postProcessPropertyValues(CommonAnnotationBeanPostProcessor.java:308)
	... 40 more
Caused by: org.springframework.beans.factory.BeanCreationException: Error creating bean with name 'scenarioLoader' defined in org.sitenv.contentvalidator.configuration.ContentValidatorApiConfiguration: Invocation of init method failed; nested exception is java.lang.NullPointerException
	at org.springframework.beans.factory.support.AbstractAutowireCapableBeanFactory.initializeBean(AbstractAutowireCapableBeanFactory.java:1578)
	at org.springframework.beans.factory.support.AbstractAutowireCapableBeanFactory.doCreateBean(AbstractAutowireCapableBeanFactory.java:545)
	at org.springframework.beans.factory.support.AbstractAutowireCapableBeanFactory.createBean(AbstractAutowireCapableBeanFactory.java:482)
	at org.springframework.beans.factory.support.AbstractBeanFactory$1.getObject(AbstractBeanFactory.java:306)
	at org.springframework.beans.factory.support.DefaultSingletonBeanRegistry.getSingleton(DefaultSingletonBeanRegistry.java:230)
	at org.springframework.beans.factory.support.AbstractBeanFactory.doGetBean(AbstractBeanFactory.java:302)
	at org.springframework.beans.factory.support.AbstractBeanFactory.getBean(AbstractBeanFactory.java:197)
	at org.springframework.beans.factory.support.DefaultListableBeanFactory.findAutowireCandidates(DefaultListableBeanFactory.java:1192)
	at org.springframework.beans.factory.support.DefaultListableBeanFactory.doResolveDependency(DefaultListableBeanFactory.java:1116)
	at org.springframework.beans.factory.support.DefaultListableBeanFactory.resolveDependency(DefaultListableBeanFactory.java:1014)
	at org.springframework.beans.factory.support.ConstructorResolver.resolveAutowiredArgument(ConstructorResolver.java:813)
	at org.springframework.beans.factory.support.ConstructorResolver.createArgumentArray(ConstructorResolver.java:741)
	... 55 more
Caused by: java.lang.NullPointerException
	at org.sitenv.contentvalidator.configuration.ScenarioLoader.loadScenarioFiles(ScenarioLoader.java:54)
	at org.sitenv.contentvalidator.configuration.ScenarioLoader.afterPropertiesSet(ScenarioLoader.java:28)
	at org.springframework.beans.factory.support.AbstractAutowireCapableBeanFactory.invokeInitMethods(AbstractAutowireCapableBeanFactory.java:1637)
	at org.springframework.beans.factory.support.AbstractAutowireCapableBeanFactory.initializeBean(AbstractAutowireCapableBeanFactory.java:1574)
	... 66 more
18:38:21,498 INFO  [ContextLoader:307] Root WebApplicationContext: initialization started
18:38:21,570 INFO  [AnnotationConfigWebApplicationContext:578] Refreshing Root WebApplicationContext: startup date [Fri Nov 27 18:38:21 UTC 2020]; root of context hierarchy
18:38:21,612 INFO  [AnnotationConfigWebApplicationContext:207] Registering annotated classes: [class org.sitenv.referenceccda.configuration.MvcConfiguration,class org.sitenv.vocabularies.configuration.CodeValidatorApiConfiguration,class org.sitenv.contentvalidator.configuration.ContentValidatorApiConfiguration,class org.sitenv.referenceccda.configuration.SwaggerConfig]
18:38:22,325 INFO  [DefaultListableBeanFactory:839] Overriding bean definition for bean 'propertyPlaceholderConfigurer' with a different definition: replacing [Root bean: class [org.sitenv.vocabularies.configuration.CodeValidatorApiConfiguration]; scope=; abstract=false; lazyInit=false; autowireMode=3; dependencyCheck=0; autowireCandidate=true; primary=false; factoryBeanName=null; factoryMethodName=propertyPlaceholderConfigurer; initMethodName=null; destroyMethodName=(inferred); defined in org.sitenv.vocabularies.configuration.CodeValidatorApiConfiguration] with [Root bean: class [org.sitenv.contentvalidator.configuration.ContentValidatorApiConfiguration]; scope=; abstract=false; lazyInit=false; autowireMode=3; dependencyCheck=0; autowireCandidate=true; primary=false; factoryBeanName=null; factoryMethodName=propertyPlaceholderConfigurer; initMethodName=null; destroyMethodName=(inferred); defined in org.sitenv.contentvalidator.configuration.ContentValidatorApiConfiguration]
18:38:22,567 INFO  [PostProcessorRegistrationDelegate$BeanPostProcessorChecker:328] Bean 'org.springframework.cache.annotation.ProxyCachingConfiguration' of type [class org.springframework.cache.annotation.ProxyCachingConfiguration$$EnhancerBySpringCGLIB$$7101d1d9] is not eligible for getting processed by all BeanPostProcessors (for example: not eligible for auto-proxying)
18:38:22,690 WARN  [AnnotationConfigWebApplicationContext:546] Exception encountered during context initialization - cancelling refresh attempt: org.springframework.beans.factory.UnsatisfiedDependencyException: Error creating bean with name 'referenceContentValidator' defined in file [/usr/local/tomcat/webapps/referenceccdaservice/WEB-INF/classes/org/sitenv/referenceccda/validators/content/ReferenceContentValidator.class]: Unsatisfied dependency expressed through constructor argument with index 0 of type [org.sitenv.contentvalidator.service.ContentValidatorService]: : Error creating bean with name 'contentValidatorService': Injection of resource dependencies failed; nested exception is org.springframework.beans.factory.UnsatisfiedDependencyException: Error creating bean with name 'refModelHashMap' defined in org.sitenv.contentvalidator.configuration.ContentValidatorApiConfiguration: Unsatisfied dependency expressed through constructor argument with index 0 of type [org.sitenv.contentvalidator.configuration.ScenarioLoader]: : Error creating bean with name 'scenarioLoader' defined in org.sitenv.contentvalidator.configuration.ContentValidatorApiConfiguration: Invocation of init method failed; nested exception is java.lang.NullPointerException; nested exception is org.springframework.beans.factory.BeanCreationException: Error creating bean with name 'scenarioLoader' defined in org.sitenv.contentvalidator.configuration.ContentValidatorApiConfiguration: Invocation of init method failed; nested exception is java.lang.NullPointerException; nested exception is org.springframework.beans.factory.BeanCreationException: Error creating bean with name 'contentValidatorService': Injection of resource dependencies failed; nested exception is org.springframework.beans.factory.UnsatisfiedDependencyException: Error creating bean with name 'refModelHashMap' defined in org.sitenv.contentvalidator.configuration.ContentValidatorApiConfiguration: Unsatisfied dependency expressed through constructor argument with index 0 of type [org.sitenv.contentvalidator.configuration.ScenarioLoader]: : Error creating bean with name 'scenarioLoader' defined in org.sitenv.contentvalidator.configuration.ContentValidatorApiConfiguration: Invocation of init method failed; nested exception is java.lang.NullPointerException; nested exception is org.springframework.beans.factory.BeanCreationException: Error creating bean with name 'scenarioLoader' defined in org.sitenv.contentvalidator.configuration.ContentValidatorApiConfiguration: Invocation of init method failed; nested exception is java.lang.NullPointerException
18:38:22,701 ERROR [ContextLoader:353] Context initialization failed
org.springframework.beans.factory.UnsatisfiedDependencyException: Error creating bean with name 'referenceContentValidator' defined in file [/usr/local/tomcat/webapps/referenceccdaservice/WEB-INF/classes/org/sitenv/referenceccda/validators/content/ReferenceContentValidator.class]: Unsatisfied dependency expressed through constructor argument with index 0 of type [org.sitenv.contentvalidator.service.ContentValidatorService]: : Error creating bean with name 'contentValidatorService': Injection of resource dependencies failed; nested exception is org.springframework.beans.factory.UnsatisfiedDependencyException: Error creating bean with name 'refModelHashMap' defined in org.sitenv.contentvalidator.configuration.ContentValidatorApiConfiguration: Unsatisfied dependency expressed through constructor argument with index 0 of type [org.sitenv.contentvalidator.configuration.ScenarioLoader]: : Error creating bean with name 'scenarioLoader' defined in org.sitenv.contentvalidator.configuration.ContentValidatorApiConfiguration: Invocation of init method failed; nested exception is java.lang.NullPointerException; nested exception is org.springframework.beans.factory.BeanCreationException: Error creating bean with name 'scenarioLoader' defined in org.sitenv.contentvalidator.configuration.ContentValidatorApiConfiguration: Invocation of init method failed; nested exception is java.lang.NullPointerException; nested exception is org.springframework.beans.factory.BeanCreationException: Error creating bean with name 'contentValidatorService': Injection of resource dependencies failed; nested exception is org.springframework.beans.factory.UnsatisfiedDependencyException: Error creating bean with name 'refModelHashMap' defined in org.sitenv.contentvalidator.configuration.ContentValidatorApiConfiguration: Unsatisfied dependency expressed through constructor argument with index 0 of type [org.sitenv.contentvalidator.configuration.ScenarioLoader]: : Error creating bean with name 'scenarioLoader' defined in org.sitenv.contentvalidator.configuration.ContentValidatorApiConfiguration: Invocation of init method failed; nested exception is java.lang.NullPointerException; nested exception is org.springframework.beans.factory.BeanCreationException: Error creating bean with name 'scenarioLoader' defined in org.sitenv.contentvalidator.configuration.ContentValidatorApiConfiguration: Invocation of init method failed; nested exception is java.lang.NullPointerException
	at org.springframework.beans.factory.support.ConstructorResolver.createArgumentArray(ConstructorResolver.java:749)
	at org.springframework.beans.factory.support.ConstructorResolver.autowireConstructor(ConstructorResolver.java:185)
	at org.springframework.beans.factory.support.AbstractAutowireCapableBeanFactory.autowireConstructor(AbstractAutowireCapableBeanFactory.java:1143)
	at org.springframework.beans.factory.support.AbstractAutowireCapableBeanFactory.createBeanInstance(AbstractAutowireCapableBeanFactory.java:1046)
	at org.springframework.beans.factory.support.AbstractAutowireCapableBeanFactory.doCreateBean(AbstractAutowireCapableBeanFactory.java:510)
	at org.springframework.beans.factory.support.AbstractAutowireCapableBeanFactory.createBean(AbstractAutowireCapableBeanFactory.java:482)
	at org.springframework.beans.factory.support.AbstractBeanFactory$1.getObject(AbstractBeanFactory.java:306)
	at org.springframework.beans.factory.support.DefaultSingletonBeanRegistry.getSingleton(DefaultSingletonBeanRegistry.java:230)
	at org.springframework.beans.factory.support.AbstractBeanFactory.doGetBean(AbstractBeanFactory.java:302)
	at org.springframework.beans.factory.support.AbstractBeanFactory.getBean(AbstractBeanFactory.java:197)
	at org.springframework.beans.factory.support.DefaultListableBeanFactory.preInstantiateSingletons(DefaultListableBeanFactory.java:772)
	at org.springframework.context.support.AbstractApplicationContext.finishBeanFactoryInitialization(AbstractApplicationContext.java:839)
	at org.springframework.context.support.AbstractApplicationContext.refresh(AbstractApplicationContext.java:538)
	at org.springframework.web.context.ContextLoader.configureAndRefreshWebApplicationContext(ContextLoader.java:446)
	at org.springframework.web.context.ContextLoader.initWebApplicationContext(ContextLoader.java:328)
	at org.springframework.web.context.ContextLoaderListener.contextInitialized(ContextLoaderListener.java:107)
	at org.apache.catalina.core.StandardContext.listenerStart(StandardContext.java:5126)
	at org.apache.catalina.core.StandardContext.startInternal(StandardContext.java:5653)
	at org.apache.catalina.util.LifecycleBase.start(LifecycleBase.java:183)
	at org.apache.catalina.core.ContainerBase.addChildInternal(ContainerBase.java:1007)
	at org.apache.catalina.core.ContainerBase.addChild(ContainerBase.java:983)
	at org.apache.catalina.core.StandardHost.addChild(StandardHost.java:639)
	at org.apache.catalina.startup.HostConfig.deployDescriptor(HostConfig.java:712)
	at org.apache.catalina.startup.HostConfig$DeployDescriptor.run(HostConfig.java:2001)
	at java.util.concurrent.Executors$RunnableAdapter.call(Executors.java:511)
	at java.util.concurrent.FutureTask.run(FutureTask.java:266)
	at java.util.concurrent.ThreadPoolExecutor.runWorker(ThreadPoolExecutor.java:1149)
	at java.util.concurrent.ThreadPoolExecutor$Worker.run(ThreadPoolExecutor.java:624)
	at java.lang.Thread.run(Thread.java:748)
Caused by: org.springframework.beans.factory.BeanCreationException: Error creating bean with name 'contentValidatorService': Injection of resource dependencies failed; nested exception is org.springframework.beans.factory.UnsatisfiedDependencyException: Error creating bean with name 'refModelHashMap' defined in org.sitenv.contentvalidator.configuration.ContentValidatorApiConfiguration: Unsatisfied dependency expressed through constructor argument with index 0 of type [org.sitenv.contentvalidator.configuration.ScenarioLoader]: : Error creating bean with name 'scenarioLoader' defined in org.sitenv.contentvalidator.configuration.ContentValidatorApiConfiguration: Invocation of init method failed; nested exception is java.lang.NullPointerException; nested exception is org.springframework.beans.factory.BeanCreationException: Error creating bean with name 'scenarioLoader' defined in org.sitenv.contentvalidator.configuration.ContentValidatorApiConfiguration: Invocation of init method failed; nested exception is java.lang.NullPointerException
	at org.springframework.context.annotation.CommonAnnotationBeanPostProcessor.postProcessPropertyValues(CommonAnnotationBeanPostProcessor.java:311)
	at org.springframework.beans.factory.support.AbstractAutowireCapableBeanFactory.populateBean(AbstractAutowireCapableBeanFactory.java:1214)
	at org.springframework.beans.factory.support.AbstractAutowireCapableBeanFactory.doCreateBean(AbstractAutowireCapableBeanFactory.java:543)
	at org.springframework.beans.factory.support.AbstractAutowireCapableBeanFactory.createBean(AbstractAutowireCapableBeanFactory.java:482)
	at org.springframework.beans.factory.support.AbstractBeanFactory$1.getObject(AbstractBeanFactory.java:306)
	at org.springframework.beans.factory.support.DefaultSingletonBeanRegistry.getSingleton(DefaultSingletonBeanRegistry.java:230)
	at org.springframework.beans.factory.support.AbstractBeanFactory.doGetBean(AbstractBeanFactory.java:302)
	at org.springframework.beans.factory.support.AbstractBeanFactory.getBean(AbstractBeanFactory.java:197)
	at org.springframework.beans.factory.support.DefaultListableBeanFactory.findAutowireCandidates(DefaultListableBeanFactory.java:1192)
	at org.springframework.beans.factory.support.DefaultListableBeanFactory.doResolveDependency(DefaultListableBeanFactory.java:1116)
	at org.springframework.beans.factory.support.DefaultListableBeanFactory.resolveDependency(DefaultListableBeanFactory.java:1014)
	at org.springframework.beans.factory.support.ConstructorResolver.resolveAutowiredArgument(ConstructorResolver.java:813)
	at org.springframework.beans.factory.support.ConstructorResolver.createArgumentArray(ConstructorResolver.java:741)
	... 28 more
Caused by: org.springframework.beans.factory.UnsatisfiedDependencyException: Error creating bean with name 'refModelHashMap' defined in org.sitenv.contentvalidator.configuration.ContentValidatorApiConfiguration: Unsatisfied dependency expressed through constructor argument with index 0 of type [org.sitenv.contentvalidator.configuration.ScenarioLoader]: : Error creating bean with name 'scenarioLoader' defined in org.sitenv.contentvalidator.configuration.ContentValidatorApiConfiguration: Invocation of init method failed; nested exception is java.lang.NullPointerException; nested exception is org.springframework.beans.factory.BeanCreationException: Error creating bean with name 'scenarioLoader' defined in org.sitenv.contentvalidator.configuration.ContentValidatorApiConfiguration: Invocation of init method failed; nested exception is java.lang.NullPointerException
	at org.springframework.beans.factory.support.ConstructorResolver.createArgumentArray(ConstructorResolver.java:749)
	at org.springframework.beans.factory.support.ConstructorResolver.instantiateUsingFactoryMethod(ConstructorResolver.java:464)
	at org.springframework.beans.factory.support.AbstractAutowireCapableBeanFactory.instantiateUsingFactoryMethod(AbstractAutowireCapableBeanFactory.java:1123)
	at org.springframework.beans.factory.support.AbstractAutowireCapableBeanFactory.createBeanInstance(AbstractAutowireCapableBeanFactory.java:1018)
	at org.springframework.beans.factory.support.AbstractAutowireCapableBeanFactory.doCreateBean(AbstractAutowireCapableBeanFactory.java:510)
	at org.springframework.beans.factory.support.AbstractAutowireCapableBeanFactory.createBean(AbstractAutowireCapableBeanFactory.java:482)
	at org.springframework.beans.factory.support.AbstractBeanFactory$1.getObject(AbstractBeanFactory.java:306)
	at org.springframework.beans.factory.support.DefaultSingletonBeanRegistry.getSingleton(DefaultSingletonBeanRegistry.java:230)
	at org.springframework.beans.factory.support.AbstractBeanFactory.doGetBean(AbstractBeanFactory.java:302)
	at org.springframework.beans.factory.support.AbstractBeanFactory.getBean(AbstractBeanFactory.java:202)
	at org.springframework.context.annotation.CommonAnnotationBeanPostProcessor.autowireResource(CommonAnnotationBeanPostProcessor.java:512)
	at org.springframework.context.annotation.CommonAnnotationBeanPostProcessor.getResource(CommonAnnotationBeanPostProcessor.java:486)
	at org.springframework.context.annotation.CommonAnnotationBeanPostProcessor$ResourceElement.getResourceToInject(CommonAnnotationBeanPostProcessor.java:615)
	at org.springframework.beans.factory.annotation.InjectionMetadata$InjectedElement.inject(InjectionMetadata.java:169)
	at org.springframework.beans.factory.annotation.InjectionMetadata.inject(InjectionMetadata.java:88)
	at org.springframework.context.annotation.CommonAnnotationBeanPostProcessor.postProcessPropertyValues(CommonAnnotationBeanPostProcessor.java:308)
	... 40 more
Caused by: org.springframework.beans.factory.BeanCreationException: Error creating bean with name 'scenarioLoader' defined in org.sitenv.contentvalidator.configuration.ContentValidatorApiConfiguration: Invocation of init method failed; nested exception is java.lang.NullPointerException
	at org.springframework.beans.factory.support.AbstractAutowireCapableBeanFactory.initializeBean(AbstractAutowireCapableBeanFactory.java:1578)
	at org.springframework.beans.factory.support.AbstractAutowireCapableBeanFactory.doCreateBean(AbstractAutowireCapableBeanFactory.java:545)
	at org.springframework.beans.factory.support.AbstractAutowireCapableBeanFactory.createBean(AbstractAutowireCapableBeanFactory.java:482)
	at org.springframework.beans.factory.support.AbstractBeanFactory$1.getObject(AbstractBeanFactory.java:306)
	at org.springframework.beans.factory.support.DefaultSingletonBeanRegistry.getSingleton(DefaultSingletonBeanRegistry.java:230)
	at org.springframework.beans.factory.support.AbstractBeanFactory.doGetBean(AbstractBeanFactory.java:302)
	at org.springframework.beans.factory.support.AbstractBeanFactory.getBean(AbstractBeanFactory.java:197)
	at org.springframework.beans.factory.support.DefaultListableBeanFactory.findAutowireCandidates(DefaultListableBeanFactory.java:1192)
	at org.springframework.beans.factory.support.DefaultListableBeanFactory.doResolveDependency(DefaultListableBeanFactory.java:1116)
	at org.springframework.beans.factory.support.DefaultListableBeanFactory.resolveDependency(DefaultListableBeanFactory.java:1014)
	at org.springframework.beans.factory.support.ConstructorResolver.resolveAutowiredArgument(ConstructorResolver.java:813)
	at org.springframework.beans.factory.support.ConstructorResolver.createArgumentArray(ConstructorResolver.java:741)
	... 55 more
Caused by: java.lang.NullPointerException
	at org.sitenv.contentvalidator.configuration.ScenarioLoader.loadScenarioFiles(ScenarioLoader.java:54)
	at org.sitenv.contentvalidator.configuration.ScenarioLoader.afterPropertiesSet(ScenarioLoader.java:28)
	at org.springframework.beans.factory.support.AbstractAutowireCapableBeanFactory.invokeInitMethods(AbstractAutowireCapableBeanFactory.java:1637)
	at org.springframework.beans.factory.support.AbstractAutowireCapableBeanFactory.initializeBean(AbstractAutowireCapableBeanFactory.java:1574)
	... 66 more
